1712907290728	geckodriver	INFO	Listening on 127.0.0.1:56790
1712907293768	mozrunner::runner	INFO	Running command: "D:\\Firefox\\firefox.exe" "--marionette" "--headless" "-no-remote" "-profile" "C:\\Users\\Yancey\\AppData\\Local\\Temp\\rust_mozprofileEIP7HJ"
*** You are running in headless mode.
console.warn: services.settings: Ignoring preference override of remote settings server
console.warn: services.settings: Allow by setting MOZ_REMOTE_SETTINGS_DEVTOOLS=1 in the environment
1712907294224	Marionette	INFO	Marionette enabled
Dynamically enable window occlusion 0
1712907294293	Marionette	INFO	Listening on port 56803
Read port: 56803
1712907294494	RemoteAgent	WARN	TLS certificate errors will be ignored for this session
[GFX1-]: RenderCompositorSWGL failed mapping default framebuffer, no dt
console.error: ({})
1712907296345	Marionette	WARN	Ignoring event 'DOMContentLoaded' because document has an invalid readyState of 'complete'.
JavaScript warning: https://wl.jd.com/unify.min.js, line 2: WEBGL_debug_renderer_info is deprecated in Firefox and will be removed. Please use RENDERER.
JavaScript warning: https://gias.jd.com/js/td.js line 1 > eval, line 1: WEBGL_debug_renderer_info is deprecated in Firefox and will be removed. Please use RENDERER.
JavaScript warning: https://gias.jd.com/js/td.js line 1 > eval, line 1: WEBGL_debug_renderer_info is deprecated in Firefox and will be removed. Please use RENDERER.
1712907299832	Marionette	INFO	Stopped listening on port 56803
JavaScript warning: https://misc.360buyimg.com/jdf/lib/jquery-1.6.4.js, line 2: Script terminated by timeout at:
e@https://misc.360buyimg.com/jdf/lib/jquery-1.6.4.js:2:7175
clearMsg@https://storage.jd.com/retail-mall/jdc_user_passport/pc/user/passport/1.0.17/js/newLogin/mobileLogin.js:2:10293
checkMobileFormInputEnd@https://storage.jd.com/retail-mall/jdc_user_passport/pc/user/passport/1.0.17/js/newLogin/mobileLogin.js:2:4279
init/<@https://storage.jd.com/retail-mall/jdc_user_passport/pc/user/passport/1.0.17/js/newLogin/mobileLogin.js:2:1306

Dynamically enable window occlusion 1
console.error: (new TypeError("NetworkError: Network request failed", "resource://services-settings/Utils.sys.mjs", 229))
console.error: (new TypeError("NetworkError: Network request failed", "resource://services-settings/Utils.sys.mjs", 229))
console.error: (new TypeError("NetworkError: Network request failed", "resource://services-settings/Utils.sys.mjs", 229))
